Pig Stack Trace
---------------
ERROR 1025: <line 11, column 47> Invalid field projection. Projected field [cid] does not exist in schema: group:int,transaction:bag{:tuple(tid:int,cid:int,trans_total:float,trans_num_items:int,transdesc:chararray)}.

org.apache.pig.impl.plan.PlanValidationException: ERROR 1025: <line 11, column 47> Invalid field projection. Projected field [cid] does not exist in schema: group:int,transaction:bag{:tuple(tid:int,cid:int,trans_total:float,trans_num_items:int,transdesc:chararray)}.
	at org.apache.pig.newplan.logical.expression.ProjectExpression.findColNum(ProjectExpression.java:191)
	at org.apache.pig.newplan.logical.expression.ProjectExpression.setColumnNumberFromAlias(ProjectExpression.java:174)
	at org.apache.pig.newplan.logical.visitor.ColumnAliasConversionVisitor$1.visit(ColumnAliasConversionVisitor.java:53)
	at org.apache.pig.newplan.logical.expression.ProjectExpression.accept(ProjectExpression.java:215)
	at org.apache.pig.newplan.DependencyOrderWalker.walk(DependencyOrderWalker.java:75)
	at org.apache.pig.newplan.PlanVisitor.visit(PlanVisitor.java:52)
	at org.apache.pig.newplan.logical.optimizer.AllExpressionVisitor.visit(AllExpressionVisitor.java:142)
	at org.apache.pig.newplan.logical.relational.LOInnerLoad.accept(LOInnerLoad.java:128)
	at org.apache.pig.newplan.DependencyOrderWalker.walk(DependencyOrderWalker.java:75)
	at org.apache.pig.newplan.logical.optimizer.AllExpressionVisitor.visit(AllExpressionVisitor.java:124)
	at org.apache.pig.newplan.logical.relational.LOForEach.accept(LOForEach.java:87)
	at org.apache.pig.newplan.DependencyOrderWalker.walk(DependencyOrderWalker.java:75)
	at org.apache.pig.newplan.PlanVisitor.visit(PlanVisitor.java:52)
	at org.apache.pig.newplan.logical.relational.LogicalPlan.validate(LogicalPlan.java:176)
	at org.apache.pig.PigServer$Graph.validateQuery(PigServer.java:1793)
	at org.apache.pig.PigServer$Graph.registerQuery(PigServer.java:1765)
	at org.apache.pig.PigServer.registerQuery(PigServer.java:708)
	at org.apache.pig.tools.grunt.GruntParser.processPig(GruntParser.java:1110)
	at org.apache.pig.tools.pigscript.parser.PigScriptParser.parse(PigScriptParser.java:512)
	at org.apache.pig.tools.grunt.GruntParser.loadScript(GruntParser.java:561)
	at org.apache.pig.tools.grunt.GruntParser.processScript(GruntParser.java:497)
	at org.apache.pig.tools.pigscript.parser.PigScriptParser.Script(PigScriptParser.java:1037)
	at org.apache.pig.tools.pigscript.parser.PigScriptParser.parse(PigScriptParser.java:561)
	at org.apache.pig.tools.grunt.GruntParser.parseStopOnError(GruntParser.java:230)
	at org.apache.pig.tools.grunt.GruntParser.parseStopOnError(GruntParser.java:205)
	at org.apache.pig.tools.grunt.Grunt.run(Grunt.java:66)
	at org.apache.pig.Main.run(Main.java:564)
	at org.apache.pig.Main.main(Main.java:175)
	at sun.reflect.NativeMethodAccessorImpl.invoke0(Native Method)
	at sun.reflect.NativeMethodAccessorImpl.invoke(NativeMethodAccessorImpl.java:62)
	at sun.reflect.DelegatingMethodAccessorImpl.invoke(DelegatingMethodAccessorImpl.java:43)
	at java.lang.reflect.Method.invoke(Method.java:498)
	at org.apache.hadoop.util.RunJar.run(RunJar.java:226)
	at org.apache.hadoop.util.RunJar.main(RunJar.java:141)
================================================================================
Pig Stack Trace
---------------
ERROR 1045: <line 12, column 44> Could not infer the matching function for org.apache.pig.builtin.MIN as multiple or none of them fit. Please use an explicit cast.

org.apache.pig.impl.logicalLayer.validators.TypeCheckerException: ERROR 1059: <line 12, column 11> Problem while reconciling output schema of ForEach
	at org.apache.pig.newplan.logical.visitor.TypeCheckingRelVisitor.throwTypeCheckerException(TypeCheckingRelVisitor.java:142)
	at org.apache.pig.newplan.logical.visitor.TypeCheckingRelVisitor.visit(TypeCheckingRelVisitor.java:182)
	at org.apache.pig.newplan.logical.relational.LOForEach.accept(LOForEach.java:87)
	at org.apache.pig.newplan.DependencyOrderWalker.walk(DependencyOrderWalker.java:75)
	at org.apache.pig.newplan.PlanVisitor.visit(PlanVisitor.java:52)
	at org.apache.pig.newplan.logical.relational.LogicalPlan.validate(LogicalPlan.java:192)
	at org.apache.pig.PigServer$Graph.validateQuery(PigServer.java:1793)
	at org.apache.pig.PigServer$Graph.registerQuery(PigServer.java:1765)
	at org.apache.pig.PigServer.registerQuery(PigServer.java:708)
	at org.apache.pig.tools.grunt.GruntParser.processPig(GruntParser.java:1110)
	at org.apache.pig.tools.pigscript.parser.PigScriptParser.parse(PigScriptParser.java:512)
	at org.apache.pig.tools.grunt.GruntParser.loadScript(GruntParser.java:561)
	at org.apache.pig.tools.grunt.GruntParser.processScript(GruntParser.java:497)
	at org.apache.pig.tools.pigscript.parser.PigScriptParser.Script(PigScriptParser.java:1037)
	at org.apache.pig.tools.pigscript.parser.PigScriptParser.parse(PigScriptParser.java:561)
	at org.apache.pig.tools.grunt.GruntParser.parseStopOnError(GruntParser.java:230)
	at org.apache.pig.tools.grunt.GruntParser.parseStopOnError(GruntParser.java:205)
	at org.apache.pig.tools.grunt.Grunt.run(Grunt.java:66)
	at org.apache.pig.Main.run(Main.java:564)
	at org.apache.pig.Main.main(Main.java:175)
	at sun.reflect.NativeMethodAccessorImpl.invoke0(Native Method)
	at sun.reflect.NativeMethodAccessorImpl.invoke(NativeMethodAccessorImpl.java:62)
	at sun.reflect.DelegatingMethodAccessorImpl.invoke(DelegatingMethodAccessorImpl.java:43)
	at java.lang.reflect.Method.invoke(Method.java:498)
	at org.apache.hadoop.util.RunJar.run(RunJar.java:226)
	at org.apache.hadoop.util.RunJar.main(RunJar.java:141)
Caused by: org.apache.pig.impl.logicalLayer.validators.TypeCheckerException: ERROR 1045: <line 12, column 44> Could not infer the matching function for org.apache.pig.builtin.MIN as multiple or none of them fit. Please use an explicit cast.
	at org.apache.pig.newplan.logical.visitor.TypeCheckingExpVisitor.visit(TypeCheckingExpVisitor.java:789)
	at org.apache.pig.newplan.logical.expression.UserFuncExpression.accept(UserFuncExpression.java:113)
	at org.apache.pig.newplan.ReverseDependencyOrderWalker.walk(ReverseDependencyOrderWalker.java:70)
	at org.apache.pig.newplan.PlanVisitor.visit(PlanVisitor.java:52)
	at org.apache.pig.newplan.logical.visitor.TypeCheckingRelVisitor.visitExpressionPlan(TypeCheckingRelVisitor.java:191)
	at org.apache.pig.newplan.logical.visitor.TypeCheckingRelVisitor.visit(TypeCheckingRelVisitor.java:157)
	at org.apache.pig.newplan.logical.relational.LOGenerate.accept(LOGenerate.java:252)
	at org.apache.pig.newplan.DependencyOrderWalker.walk(DependencyOrderWalker.java:75)
	at org.apache.pig.newplan.PlanVisitor.visit(PlanVisitor.java:52)
	at org.apache.pig.newplan.logical.visitor.TypeCheckingRelVisitor.visit(TypeCheckingRelVisitor.java:174)
	... 24 more
================================================================================
Pig Stack Trace
---------------
ERROR 1045: <line 12, column 44> Could not infer the matching function for org.apache.pig.builtin.MIN as multiple or none of them fit. Please use an explicit cast.

org.apache.pig.impl.logicalLayer.validators.TypeCheckerException: ERROR 1059: <line 12, column 11> Problem while reconciling output schema of ForEach
	at org.apache.pig.newplan.logical.visitor.TypeCheckingRelVisitor.throwTypeCheckerException(TypeCheckingRelVisitor.java:142)
	at org.apache.pig.newplan.logical.visitor.TypeCheckingRelVisitor.visit(TypeCheckingRelVisitor.java:182)
	at org.apache.pig.newplan.logical.relational.LOForEach.accept(LOForEach.java:87)
	at org.apache.pig.newplan.DependencyOrderWalker.walk(DependencyOrderWalker.java:75)
	at org.apache.pig.newplan.PlanVisitor.visit(PlanVisitor.java:52)
	at org.apache.pig.newplan.logical.relational.LogicalPlan.validate(LogicalPlan.java:192)
	at org.apache.pig.PigServer$Graph.validateQuery(PigServer.java:1793)
	at org.apache.pig.PigServer$Graph.registerQuery(PigServer.java:1765)
	at org.apache.pig.PigServer.registerQuery(PigServer.java:708)
	at org.apache.pig.tools.grunt.GruntParser.processPig(GruntParser.java:1110)
	at org.apache.pig.tools.pigscript.parser.PigScriptParser.parse(PigScriptParser.java:512)
	at org.apache.pig.tools.grunt.GruntParser.loadScript(GruntParser.java:561)
	at org.apache.pig.tools.grunt.GruntParser.processScript(GruntParser.java:497)
	at org.apache.pig.tools.pigscript.parser.PigScriptParser.Script(PigScriptParser.java:1037)
	at org.apache.pig.tools.pigscript.parser.PigScriptParser.parse(PigScriptParser.java:561)
	at org.apache.pig.tools.grunt.GruntParser.parseStopOnError(GruntParser.java:230)
	at org.apache.pig.tools.grunt.GruntParser.parseStopOnError(GruntParser.java:205)
	at org.apache.pig.tools.grunt.Grunt.run(Grunt.java:66)
	at org.apache.pig.Main.run(Main.java:564)
	at org.apache.pig.Main.main(Main.java:175)
	at sun.reflect.NativeMethodAccessorImpl.invoke0(Native Method)
	at sun.reflect.NativeMethodAccessorImpl.invoke(NativeMethodAccessorImpl.java:62)
	at sun.reflect.DelegatingMethodAccessorImpl.invoke(DelegatingMethodAccessorImpl.java:43)
	at java.lang.reflect.Method.invoke(Method.java:498)
	at org.apache.hadoop.util.RunJar.run(RunJar.java:226)
	at org.apache.hadoop.util.RunJar.main(RunJar.java:141)
Caused by: org.apache.pig.impl.logicalLayer.validators.TypeCheckerException: ERROR 1045: <line 12, column 44> Could not infer the matching function for org.apache.pig.builtin.MIN as multiple or none of them fit. Please use an explicit cast.
	at org.apache.pig.newplan.logical.visitor.TypeCheckingExpVisitor.visit(TypeCheckingExpVisitor.java:789)
	at org.apache.pig.newplan.logical.expression.UserFuncExpression.accept(UserFuncExpression.java:113)
	at org.apache.pig.newplan.ReverseDependencyOrderWalker.walk(ReverseDependencyOrderWalker.java:70)
	at org.apache.pig.newplan.PlanVisitor.visit(PlanVisitor.java:52)
	at org.apache.pig.newplan.logical.visitor.TypeCheckingRelVisitor.visitExpressionPlan(TypeCheckingRelVisitor.java:191)
	at org.apache.pig.newplan.logical.visitor.TypeCheckingRelVisitor.visit(TypeCheckingRelVisitor.java:157)
	at org.apache.pig.newplan.logical.relational.LOGenerate.accept(LOGenerate.java:252)
	at org.apache.pig.newplan.DependencyOrderWalker.walk(DependencyOrderWalker.java:75)
	at org.apache.pig.newplan.PlanVisitor.visit(PlanVisitor.java:52)
	at org.apache.pig.newplan.logical.visitor.TypeCheckingRelVisitor.visit(TypeCheckingRelVisitor.java:174)
	... 24 more
================================================================================
Pig Stack Trace
---------------
ERROR 1045: <line 12, column 44> Could not infer the matching function for org.apache.pig.builtin.MIN as multiple or none of them fit. Please use an explicit cast.

org.apache.pig.impl.logicalLayer.validators.TypeCheckerException: ERROR 1059: <line 12, column 11> Problem while reconciling output schema of ForEach
	at org.apache.pig.newplan.logical.visitor.TypeCheckingRelVisitor.throwTypeCheckerException(TypeCheckingRelVisitor.java:142)
	at org.apache.pig.newplan.logical.visitor.TypeCheckingRelVisitor.visit(TypeCheckingRelVisitor.java:182)
	at org.apache.pig.newplan.logical.relational.LOForEach.accept(LOForEach.java:87)
	at org.apache.pig.newplan.DependencyOrderWalker.walk(DependencyOrderWalker.java:75)
	at org.apache.pig.newplan.PlanVisitor.visit(PlanVisitor.java:52)
	at org.apache.pig.newplan.logical.relational.LogicalPlan.validate(LogicalPlan.java:192)
	at org.apache.pig.PigServer$Graph.validateQuery(PigServer.java:1793)
	at org.apache.pig.PigServer$Graph.registerQuery(PigServer.java:1765)
	at org.apache.pig.PigServer.registerQuery(PigServer.java:708)
	at org.apache.pig.tools.grunt.GruntParser.processPig(GruntParser.java:1110)
	at org.apache.pig.tools.pigscript.parser.PigScriptParser.parse(PigScriptParser.java:512)
	at org.apache.pig.tools.grunt.GruntParser.loadScript(GruntParser.java:561)
	at org.apache.pig.tools.grunt.GruntParser.processScript(GruntParser.java:497)
	at org.apache.pig.tools.pigscript.parser.PigScriptParser.Script(PigScriptParser.java:1037)
	at org.apache.pig.tools.pigscript.parser.PigScriptParser.parse(PigScriptParser.java:561)
	at org.apache.pig.tools.grunt.GruntParser.parseStopOnError(GruntParser.java:230)
	at org.apache.pig.tools.grunt.GruntParser.parseStopOnError(GruntParser.java:205)
	at org.apache.pig.tools.grunt.Grunt.run(Grunt.java:66)
	at org.apache.pig.Main.run(Main.java:564)
	at org.apache.pig.Main.main(Main.java:175)
	at sun.reflect.NativeMethodAccessorImpl.invoke0(Native Method)
	at sun.reflect.NativeMethodAccessorImpl.invoke(NativeMethodAccessorImpl.java:62)
	at sun.reflect.DelegatingMethodAccessorImpl.invoke(DelegatingMethodAccessorImpl.java:43)
	at java.lang.reflect.Method.invoke(Method.java:498)
	at org.apache.hadoop.util.RunJar.run(RunJar.java:226)
	at org.apache.hadoop.util.RunJar.main(RunJar.java:141)
Caused by: org.apache.pig.impl.logicalLayer.validators.TypeCheckerException: ERROR 1045: <line 12, column 44> Could not infer the matching function for org.apache.pig.builtin.MIN as multiple or none of them fit. Please use an explicit cast.
	at org.apache.pig.newplan.logical.visitor.TypeCheckingExpVisitor.visit(TypeCheckingExpVisitor.java:789)
	at org.apache.pig.newplan.logical.expression.UserFuncExpression.accept(UserFuncExpression.java:113)
	at org.apache.pig.newplan.ReverseDependencyOrderWalker.walk(ReverseDependencyOrderWalker.java:70)
	at org.apache.pig.newplan.PlanVisitor.visit(PlanVisitor.java:52)
	at org.apache.pig.newplan.logical.visitor.TypeCheckingRelVisitor.visitExpressionPlan(TypeCheckingRelVisitor.java:191)
	at org.apache.pig.newplan.logical.visitor.TypeCheckingRelVisitor.visit(TypeCheckingRelVisitor.java:157)
	at org.apache.pig.newplan.logical.relational.LOGenerate.accept(LOGenerate.java:252)
	at org.apache.pig.newplan.DependencyOrderWalker.walk(DependencyOrderWalker.java:75)
	at org.apache.pig.newplan.PlanVisitor.visit(PlanVisitor.java:52)
	at org.apache.pig.newplan.logical.visitor.TypeCheckingRelVisitor.visit(TypeCheckingRelVisitor.java:174)
	... 24 more
================================================================================
Pig Stack Trace
---------------
ERROR 1045: <line 12, column 37> Could not infer the matching function for org.apache.pig.builtin.MIN as multiple or none of them fit. Please use an explicit cast.

org.apache.pig.impl.logicalLayer.validators.TypeCheckerException: ERROR 1059: <line 12, column 11> Problem while reconciling output schema of ForEach
	at org.apache.pig.newplan.logical.visitor.TypeCheckingRelVisitor.throwTypeCheckerException(TypeCheckingRelVisitor.java:142)
	at org.apache.pig.newplan.logical.visitor.TypeCheckingRelVisitor.visit(TypeCheckingRelVisitor.java:182)
	at org.apache.pig.newplan.logical.relational.LOForEach.accept(LOForEach.java:87)
	at org.apache.pig.newplan.DependencyOrderWalker.walk(DependencyOrderWalker.java:75)
	at org.apache.pig.newplan.PlanVisitor.visit(PlanVisitor.java:52)
	at org.apache.pig.newplan.logical.relational.LogicalPlan.validate(LogicalPlan.java:192)
	at org.apache.pig.PigServer$Graph.validateQuery(PigServer.java:1793)
	at org.apache.pig.PigServer$Graph.registerQuery(PigServer.java:1765)
	at org.apache.pig.PigServer.registerQuery(PigServer.java:708)
	at org.apache.pig.tools.grunt.GruntParser.processPig(GruntParser.java:1110)
	at org.apache.pig.tools.pigscript.parser.PigScriptParser.parse(PigScriptParser.java:512)
	at org.apache.pig.tools.grunt.GruntParser.loadScript(GruntParser.java:561)
	at org.apache.pig.tools.grunt.GruntParser.processScript(GruntParser.java:497)
	at org.apache.pig.tools.pigscript.parser.PigScriptParser.Script(PigScriptParser.java:1037)
	at org.apache.pig.tools.pigscript.parser.PigScriptParser.parse(PigScriptParser.java:561)
	at org.apache.pig.tools.grunt.GruntParser.parseStopOnError(GruntParser.java:230)
	at org.apache.pig.tools.grunt.GruntParser.parseStopOnError(GruntParser.java:205)
	at org.apache.pig.tools.grunt.Grunt.run(Grunt.java:66)
	at org.apache.pig.Main.run(Main.java:564)
	at org.apache.pig.Main.main(Main.java:175)
	at sun.reflect.NativeMethodAccessorImpl.invoke0(Native Method)
	at sun.reflect.NativeMethodAccessorImpl.invoke(NativeMethodAccessorImpl.java:62)
	at sun.reflect.DelegatingMethodAccessorImpl.invoke(DelegatingMethodAccessorImpl.java:43)
	at java.lang.reflect.Method.invoke(Method.java:498)
	at org.apache.hadoop.util.RunJar.run(RunJar.java:226)
	at org.apache.hadoop.util.RunJar.main(RunJar.java:141)
Caused by: org.apache.pig.impl.logicalLayer.validators.TypeCheckerException: ERROR 1045: <line 12, column 37> Could not infer the matching function for org.apache.pig.builtin.MIN as multiple or none of them fit. Please use an explicit cast.
	at org.apache.pig.newplan.logical.visitor.TypeCheckingExpVisitor.visit(TypeCheckingExpVisitor.java:789)
	at org.apache.pig.newplan.logical.expression.UserFuncExpression.accept(UserFuncExpression.java:113)
	at org.apache.pig.newplan.ReverseDependencyOrderWalker.walk(ReverseDependencyOrderWalker.java:70)
	at org.apache.pig.newplan.PlanVisitor.visit(PlanVisitor.java:52)
	at org.apache.pig.newplan.logical.visitor.TypeCheckingRelVisitor.visitExpressionPlan(TypeCheckingRelVisitor.java:191)
	at org.apache.pig.newplan.logical.visitor.TypeCheckingRelVisitor.visit(TypeCheckingRelVisitor.java:157)
	at org.apache.pig.newplan.logical.relational.LOGenerate.accept(LOGenerate.java:252)
	at org.apache.pig.newplan.DependencyOrderWalker.walk(DependencyOrderWalker.java:75)
	at org.apache.pig.newplan.PlanVisitor.visit(PlanVisitor.java:52)
	at org.apache.pig.newplan.logical.visitor.TypeCheckingRelVisitor.visit(TypeCheckingRelVisitor.java:174)
	... 24 more
================================================================================
Pig Stack Trace
---------------
ERROR 1200: <line 12, column 48>  Syntax error, unexpected symbol at or near '$0'

Failed to parse: <line 12, column 48>  Syntax error, unexpected symbol at or near '$0'
	at org.apache.pig.parser.QueryParserDriver.parse(QueryParserDriver.java:244)
	at org.apache.pig.parser.QueryParserDriver.parse(QueryParserDriver.java:182)
	at org.apache.pig.PigServer$Graph.validateQuery(PigServer.java:1792)
	at org.apache.pig.PigServer$Graph.registerQuery(PigServer.java:1765)
	at org.apache.pig.PigServer.registerQuery(PigServer.java:708)
	at org.apache.pig.tools.grunt.GruntParser.processPig(GruntParser.java:1110)
	at org.apache.pig.tools.pigscript.parser.PigScriptParser.parse(PigScriptParser.java:512)
	at org.apache.pig.tools.grunt.GruntParser.loadScript(GruntParser.java:561)
	at org.apache.pig.tools.grunt.GruntParser.processScript(GruntParser.java:497)
	at org.apache.pig.tools.pigscript.parser.PigScriptParser.Script(PigScriptParser.java:1037)
	at org.apache.pig.tools.pigscript.parser.PigScriptParser.parse(PigScriptParser.java:561)
	at org.apache.pig.tools.grunt.GruntParser.parseStopOnError(GruntParser.java:230)
	at org.apache.pig.tools.grunt.GruntParser.parseStopOnError(GruntParser.java:205)
	at org.apache.pig.tools.grunt.Grunt.run(Grunt.java:66)
	at org.apache.pig.Main.run(Main.java:564)
	at org.apache.pig.Main.main(Main.java:175)
	at sun.reflect.NativeMethodAccessorImpl.invoke0(Native Method)
	at sun.reflect.NativeMethodAccessorImpl.invoke(NativeMethodAccessorImpl.java:62)
	at sun.reflect.DelegatingMethodAccessorImpl.invoke(DelegatingMethodAccessorImpl.java:43)
	at java.lang.reflect.Method.invoke(Method.java:498)
	at org.apache.hadoop.util.RunJar.run(RunJar.java:226)
	at org.apache.hadoop.util.RunJar.main(RunJar.java:141)
================================================================================
Pig Stack Trace
---------------
ERROR 1045: <line 11, column 48> Could not infer the matching function for org.apache.pig.builtin.MIN as multiple or none of them fit. Please use an explicit cast.

org.apache.pig.impl.logicalLayer.validators.TypeCheckerException: ERROR 1059: <line 11, column 11> Problem while reconciling output schema of ForEach
	at org.apache.pig.newplan.logical.visitor.TypeCheckingRelVisitor.throwTypeCheckerException(TypeCheckingRelVisitor.java:142)
	at org.apache.pig.newplan.logical.visitor.TypeCheckingRelVisitor.visit(TypeCheckingRelVisitor.java:182)
	at org.apache.pig.newplan.logical.relational.LOForEach.accept(LOForEach.java:87)
	at org.apache.pig.newplan.DependencyOrderWalker.walk(DependencyOrderWalker.java:75)
	at org.apache.pig.newplan.PlanVisitor.visit(PlanVisitor.java:52)
	at org.apache.pig.newplan.logical.relational.LogicalPlan.validate(LogicalPlan.java:192)
	at org.apache.pig.PigServer$Graph.validateQuery(PigServer.java:1793)
	at org.apache.pig.PigServer$Graph.registerQuery(PigServer.java:1765)
	at org.apache.pig.PigServer.registerQuery(PigServer.java:708)
	at org.apache.pig.tools.grunt.GruntParser.processPig(GruntParser.java:1110)
	at org.apache.pig.tools.pigscript.parser.PigScriptParser.parse(PigScriptParser.java:512)
	at org.apache.pig.tools.grunt.GruntParser.loadScript(GruntParser.java:561)
	at org.apache.pig.tools.grunt.GruntParser.processScript(GruntParser.java:497)
	at org.apache.pig.tools.pigscript.parser.PigScriptParser.Script(PigScriptParser.java:1037)
	at org.apache.pig.tools.pigscript.parser.PigScriptParser.parse(PigScriptParser.java:561)
	at org.apache.pig.tools.grunt.GruntParser.parseStopOnError(GruntParser.java:230)
	at org.apache.pig.tools.grunt.GruntParser.parseStopOnError(GruntParser.java:205)
	at org.apache.pig.tools.grunt.Grunt.run(Grunt.java:66)
	at org.apache.pig.Main.run(Main.java:564)
	at org.apache.pig.Main.main(Main.java:175)
	at sun.reflect.NativeMethodAccessorImpl.invoke0(Native Method)
	at sun.reflect.NativeMethodAccessorImpl.invoke(NativeMethodAccessorImpl.java:62)
	at sun.reflect.DelegatingMethodAccessorImpl.invoke(DelegatingMethodAccessorImpl.java:43)
	at java.lang.reflect.Method.invoke(Method.java:498)
	at org.apache.hadoop.util.RunJar.run(RunJar.java:226)
	at org.apache.hadoop.util.RunJar.main(RunJar.java:141)
Caused by: org.apache.pig.impl.logicalLayer.validators.TypeCheckerException: ERROR 1045: <line 11, column 48> Could not infer the matching function for org.apache.pig.builtin.MIN as multiple or none of them fit. Please use an explicit cast.
	at org.apache.pig.newplan.logical.visitor.TypeCheckingExpVisitor.visit(TypeCheckingExpVisitor.java:789)
	at org.apache.pig.newplan.logical.expression.UserFuncExpression.accept(UserFuncExpression.java:113)
	at org.apache.pig.newplan.ReverseDependencyOrderWalker.walk(ReverseDependencyOrderWalker.java:70)
	at org.apache.pig.newplan.PlanVisitor.visit(PlanVisitor.java:52)
	at org.apache.pig.newplan.logical.visitor.TypeCheckingRelVisitor.visitExpressionPlan(TypeCheckingRelVisitor.java:191)
	at org.apache.pig.newplan.logical.visitor.TypeCheckingRelVisitor.visit(TypeCheckingRelVisitor.java:157)
	at org.apache.pig.newplan.logical.relational.LOGenerate.accept(LOGenerate.java:252)
	at org.apache.pig.newplan.DependencyOrderWalker.walk(DependencyOrderWalker.java:75)
	at org.apache.pig.newplan.PlanVisitor.visit(PlanVisitor.java:52)
	at org.apache.pig.newplan.logical.visitor.TypeCheckingRelVisitor.visit(TypeCheckingRelVisitor.java:174)
	... 24 more
================================================================================
Pig Stack Trace
---------------
ERROR 1045: <line 12, column 37> Could not infer the matching function for org.apache.pig.builtin.MIN as multiple or none of them fit. Please use an explicit cast.

org.apache.pig.impl.logicalLayer.validators.TypeCheckerException: ERROR 1059: <line 12, column 11> Problem while reconciling output schema of ForEach
	at org.apache.pig.newplan.logical.visitor.TypeCheckingRelVisitor.throwTypeCheckerException(TypeCheckingRelVisitor.java:142)
	at org.apache.pig.newplan.logical.visitor.TypeCheckingRelVisitor.visit(TypeCheckingRelVisitor.java:182)
	at org.apache.pig.newplan.logical.relational.LOForEach.accept(LOForEach.java:87)
	at org.apache.pig.newplan.DependencyOrderWalker.walk(DependencyOrderWalker.java:75)
	at org.apache.pig.newplan.PlanVisitor.visit(PlanVisitor.java:52)
	at org.apache.pig.newplan.logical.relational.LogicalPlan.validate(LogicalPlan.java:192)
	at org.apache.pig.PigServer$Graph.validateQuery(PigServer.java:1793)
	at org.apache.pig.PigServer$Graph.registerQuery(PigServer.java:1765)
	at org.apache.pig.PigServer.registerQuery(PigServer.java:708)
	at org.apache.pig.tools.grunt.GruntParser.processPig(GruntParser.java:1110)
	at org.apache.pig.tools.pigscript.parser.PigScriptParser.parse(PigScriptParser.java:512)
	at org.apache.pig.tools.grunt.GruntParser.loadScript(GruntParser.java:561)
	at org.apache.pig.tools.grunt.GruntParser.processScript(GruntParser.java:497)
	at org.apache.pig.tools.pigscript.parser.PigScriptParser.Script(PigScriptParser.java:1037)
	at org.apache.pig.tools.pigscript.parser.PigScriptParser.parse(PigScriptParser.java:561)
	at org.apache.pig.tools.grunt.GruntParser.parseStopOnError(GruntParser.java:230)
	at org.apache.pig.tools.grunt.GruntParser.parseStopOnError(GruntParser.java:205)
	at org.apache.pig.tools.grunt.Grunt.run(Grunt.java:66)
	at org.apache.pig.Main.run(Main.java:564)
	at org.apache.pig.Main.main(Main.java:175)
	at sun.reflect.NativeMethodAccessorImpl.invoke0(Native Method)
	at sun.reflect.NativeMethodAccessorImpl.invoke(NativeMethodAccessorImpl.java:62)
	at sun.reflect.DelegatingMethodAccessorImpl.invoke(DelegatingMethodAccessorImpl.java:43)
	at java.lang.reflect.Method.invoke(Method.java:498)
	at org.apache.hadoop.util.RunJar.run(RunJar.java:226)
	at org.apache.hadoop.util.RunJar.main(RunJar.java:141)
Caused by: org.apache.pig.impl.logicalLayer.validators.TypeCheckerException: ERROR 1045: <line 12, column 37> Could not infer the matching function for org.apache.pig.builtin.MIN as multiple or none of them fit. Please use an explicit cast.
	at org.apache.pig.newplan.logical.visitor.TypeCheckingExpVisitor.visit(TypeCheckingExpVisitor.java:789)
	at org.apache.pig.newplan.logical.expression.UserFuncExpression.accept(UserFuncExpression.java:113)
	at org.apache.pig.newplan.ReverseDependencyOrderWalker.walk(ReverseDependencyOrderWalker.java:70)
	at org.apache.pig.newplan.PlanVisitor.visit(PlanVisitor.java:52)
	at org.apache.pig.newplan.logical.visitor.TypeCheckingRelVisitor.visitExpressionPlan(TypeCheckingRelVisitor.java:191)
	at org.apache.pig.newplan.logical.visitor.TypeCheckingRelVisitor.visit(TypeCheckingRelVisitor.java:157)
	at org.apache.pig.newplan.logical.relational.LOGenerate.accept(LOGenerate.java:252)
	at org.apache.pig.newplan.DependencyOrderWalker.walk(DependencyOrderWalker.java:75)
	at org.apache.pig.newplan.PlanVisitor.visit(PlanVisitor.java:52)
	at org.apache.pig.newplan.logical.visitor.TypeCheckingRelVisitor.visit(TypeCheckingRelVisitor.java:174)
	... 24 more
================================================================================
Pig Stack Trace
---------------
ERROR 1025: <line 12, column 37> Invalid field projection. Projected field [cid] does not exist in schema: group:int,cnt:long.

org.apache.pig.impl.plan.PlanValidationException: ERROR 1025: <line 12, column 37> Invalid field projection. Projected field [cid] does not exist in schema: group:int,cnt:long.
	at org.apache.pig.newplan.logical.expression.ProjectExpression.findColNum(ProjectExpression.java:191)
	at org.apache.pig.newplan.logical.expression.ProjectExpression.setColumnNumberFromAlias(ProjectExpression.java:174)
	at org.apache.pig.newplan.logical.visitor.ColumnAliasConversionVisitor$1.visit(ColumnAliasConversionVisitor.java:53)
	at org.apache.pig.newplan.logical.expression.ProjectExpression.accept(ProjectExpression.java:215)
	at org.apache.pig.newplan.DependencyOrderWalker.walk(DependencyOrderWalker.java:75)
	at org.apache.pig.newplan.PlanVisitor.visit(PlanVisitor.java:52)
	at org.apache.pig.newplan.logical.optimizer.AllExpressionVisitor.visit(AllExpressionVisitor.java:142)
	at org.apache.pig.newplan.logical.relational.LOInnerLoad.accept(LOInnerLoad.java:128)
	at org.apache.pig.newplan.DependencyOrderWalker.walk(DependencyOrderWalker.java:75)
	at org.apache.pig.newplan.logical.optimizer.AllExpressionVisitor.visit(AllExpressionVisitor.java:124)
	at org.apache.pig.newplan.logical.relational.LOForEach.accept(LOForEach.java:87)
	at org.apache.pig.newplan.DependencyOrderWalker.walk(DependencyOrderWalker.java:75)
	at org.apache.pig.newplan.PlanVisitor.visit(PlanVisitor.java:52)
	at org.apache.pig.newplan.logical.relational.LogicalPlan.validate(LogicalPlan.java:176)
	at org.apache.pig.PigServer$Graph.validateQuery(PigServer.java:1793)
	at org.apache.pig.PigServer$Graph.registerQuery(PigServer.java:1765)
	at org.apache.pig.PigServer.registerQuery(PigServer.java:708)
	at org.apache.pig.tools.grunt.GruntParser.processPig(GruntParser.java:1110)
	at org.apache.pig.tools.pigscript.parser.PigScriptParser.parse(PigScriptParser.java:512)
	at org.apache.pig.tools.grunt.GruntParser.loadScript(GruntParser.java:561)
	at org.apache.pig.tools.grunt.GruntParser.processScript(GruntParser.java:497)
	at org.apache.pig.tools.pigscript.parser.PigScriptParser.Script(PigScriptParser.java:1037)
	at org.apache.pig.tools.pigscript.parser.PigScriptParser.parse(PigScriptParser.java:561)
	at org.apache.pig.tools.grunt.GruntParser.parseStopOnError(GruntParser.java:230)
	at org.apache.pig.tools.grunt.GruntParser.parseStopOnError(GruntParser.java:205)
	at org.apache.pig.tools.grunt.Grunt.run(Grunt.java:66)
	at org.apache.pig.Main.run(Main.java:564)
	at org.apache.pig.Main.main(Main.java:175)
	at sun.reflect.NativeMethodAccessorImpl.invoke0(Native Method)
	at sun.reflect.NativeMethodAccessorImpl.invoke(NativeMethodAccessorImpl.java:62)
	at sun.reflect.DelegatingMethodAccessorImpl.invoke(DelegatingMethodAccessorImpl.java:43)
	at java.lang.reflect.Method.invoke(Method.java:498)
	at org.apache.hadoop.util.RunJar.run(RunJar.java:226)
	at org.apache.hadoop.util.RunJar.main(RunJar.java:141)
================================================================================
Pig Stack Trace
---------------
ERROR 1045: <line 12, column 37> Could not infer the matching function for org.apache.pig.builtin.MIN as multiple or none of them fit. Please use an explicit cast.

org.apache.pig.impl.logicalLayer.validators.TypeCheckerException: ERROR 1059: <line 12, column 11> Problem while reconciling output schema of ForEach
	at org.apache.pig.newplan.logical.visitor.TypeCheckingRelVisitor.throwTypeCheckerException(TypeCheckingRelVisitor.java:142)
	at org.apache.pig.newplan.logical.visitor.TypeCheckingRelVisitor.visit(TypeCheckingRelVisitor.java:182)
	at org.apache.pig.newplan.logical.relational.LOForEach.accept(LOForEach.java:87)
	at org.apache.pig.newplan.DependencyOrderWalker.walk(DependencyOrderWalker.java:75)
	at org.apache.pig.newplan.PlanVisitor.visit(PlanVisitor.java:52)
	at org.apache.pig.newplan.logical.relational.LogicalPlan.validate(LogicalPlan.java:192)
	at org.apache.pig.PigServer$Graph.validateQuery(PigServer.java:1793)
	at org.apache.pig.PigServer$Graph.registerQuery(PigServer.java:1765)
	at org.apache.pig.PigServer.registerQuery(PigServer.java:708)
	at org.apache.pig.tools.grunt.GruntParser.processPig(GruntParser.java:1110)
	at org.apache.pig.tools.pigscript.parser.PigScriptParser.parse(PigScriptParser.java:512)
	at org.apache.pig.tools.grunt.GruntParser.loadScript(GruntParser.java:561)
	at org.apache.pig.tools.grunt.GruntParser.processScript(GruntParser.java:497)
	at org.apache.pig.tools.pigscript.parser.PigScriptParser.Script(PigScriptParser.java:1037)
	at org.apache.pig.tools.pigscript.parser.PigScriptParser.parse(PigScriptParser.java:561)
	at org.apache.pig.tools.grunt.GruntParser.parseStopOnError(GruntParser.java:230)
	at org.apache.pig.tools.grunt.GruntParser.parseStopOnError(GruntParser.java:205)
	at org.apache.pig.tools.grunt.Grunt.run(Grunt.java:66)
	at org.apache.pig.Main.run(Main.java:564)
	at org.apache.pig.Main.main(Main.java:175)
	at sun.reflect.NativeMethodAccessorImpl.invoke0(Native Method)
	at sun.reflect.NativeMethodAccessorImpl.invoke(NativeMethodAccessorImpl.java:62)
	at sun.reflect.DelegatingMethodAccessorImpl.invoke(DelegatingMethodAccessorImpl.java:43)
	at java.lang.reflect.Method.invoke(Method.java:498)
	at org.apache.hadoop.util.RunJar.run(RunJar.java:226)
	at org.apache.hadoop.util.RunJar.main(RunJar.java:141)
Caused by: org.apache.pig.impl.logicalLayer.validators.TypeCheckerException: ERROR 1045: <line 12, column 37> Could not infer the matching function for org.apache.pig.builtin.MIN as multiple or none of them fit. Please use an explicit cast.
	at org.apache.pig.newplan.logical.visitor.TypeCheckingExpVisitor.visit(TypeCheckingExpVisitor.java:789)
	at org.apache.pig.newplan.logical.expression.UserFuncExpression.accept(UserFuncExpression.java:113)
	at org.apache.pig.newplan.ReverseDependencyOrderWalker.walk(ReverseDependencyOrderWalker.java:70)
	at org.apache.pig.newplan.PlanVisitor.visit(PlanVisitor.java:52)
	at org.apache.pig.newplan.logical.visitor.TypeCheckingRelVisitor.visitExpressionPlan(TypeCheckingRelVisitor.java:191)
	at org.apache.pig.newplan.logical.visitor.TypeCheckingRelVisitor.visit(TypeCheckingRelVisitor.java:157)
	at org.apache.pig.newplan.logical.relational.LOGenerate.accept(LOGenerate.java:252)
	at org.apache.pig.newplan.DependencyOrderWalker.walk(DependencyOrderWalker.java:75)
	at org.apache.pig.newplan.PlanVisitor.visit(PlanVisitor.java:52)
	at org.apache.pig.newplan.logical.visitor.TypeCheckingRelVisitor.visit(TypeCheckingRelVisitor.java:174)
	... 24 more
================================================================================
Pig Stack Trace
---------------
ERROR 1000: Error during parsing. Encountered " <IDENTIFIER> "ll "" at line 5, column 1.
Was expecting one of:
    <EOF> 
    "cat" ...
    "clear" ...
    "fs" ...
    "sh" ...
    "cd" ...
    "cp" ...
    "copyFromLocal" ...
    "copyToLocal" ...
    "dump" ...
    "\\d" ...
    "describe" ...
    "\\de" ...
    "aliases" ...
    "explain" ...
    "\\e" ...
    "help" ...
    "history" ...
    "kill" ...
    "ls" ...
    "mv" ...
    "mkdir" ...
    "pwd" ...
    "quit" ...
    "\\q" ...
    "register" ...
    "rm" ...
    "rmf" ...
    "set" ...
    "illustrate" ...
    "\\i" ...
    "run" ...
    "exec" ...
    "%default" ...
    "%declare" ...
    "scriptDone" ...
    "" ...
    "" ...
    <EOL> ...
    ";" ...
    

org.apache.pig.tools.pigscript.parser.ParseException: Encountered " <IDENTIFIER> "ll "" at line 5, column 1.
Was expecting one of:
    <EOF> 
    "cat" ...
    "clear" ...
    "fs" ...
    "sh" ...
    "cd" ...
    "cp" ...
    "copyFromLocal" ...
    "copyToLocal" ...
    "dump" ...
    "\\d" ...
    "describe" ...
    "\\de" ...
    "aliases" ...
    "explain" ...
    "\\e" ...
    "help" ...
    "history" ...
    "kill" ...
    "ls" ...
    "mv" ...
    "mkdir" ...
    "pwd" ...
    "quit" ...
    "\\q" ...
    "register" ...
    "rm" ...
    "rmf" ...
    "set" ...
    "illustrate" ...
    "\\i" ...
    "run" ...
    "exec" ...
    "%default" ...
    "%declare" ...
    "scriptDone" ...
    "" ...
    "" ...
    <EOL> ...
    ";" ...
    
	at org.apache.pig.tools.pigscript.parser.PigScriptParser.generateParseException(PigScriptParser.java:1560)
	at org.apache.pig.tools.pigscript.parser.PigScriptParser.handle_invalid_command(PigScriptParser.java:1368)
	at org.apache.pig.tools.pigscript.parser.PigScriptParser.parse(PigScriptParser.java:733)
	at org.apache.pig.tools.grunt.GruntParser.parseStopOnError(GruntParser.java:230)
	at org.apache.pig.tools.grunt.GruntParser.parseStopOnError(GruntParser.java:205)
	at org.apache.pig.tools.grunt.Grunt.run(Grunt.java:66)
	at org.apache.pig.Main.run(Main.java:564)
	at org.apache.pig.Main.main(Main.java:175)
	at sun.reflect.NativeMethodAccessorImpl.invoke0(Native Method)
	at sun.reflect.NativeMethodAccessorImpl.invoke(NativeMethodAccessorImpl.java:62)
	at sun.reflect.DelegatingMethodAccessorImpl.invoke(DelegatingMethodAccessorImpl.java:43)
	at java.lang.reflect.Method.invoke(Method.java:498)
	at org.apache.hadoop.util.RunJar.run(RunJar.java:226)
	at org.apache.hadoop.util.RunJar.main(RunJar.java:141)
================================================================================
Pig Stack Trace
---------------
ERROR 1025: <line 10, column 33> Invalid field projection. Projected field [ID] does not exist in schema: cid:int,name:chararray,age:int,gender:chararray,country_code:int,salary:float.

org.apache.pig.impl.plan.PlanValidationException: ERROR 1025: <line 10, column 33> Invalid field projection. Projected field [ID] does not exist in schema: cid:int,name:chararray,age:int,gender:chararray,country_code:int,salary:float.
	at org.apache.pig.newplan.logical.expression.ProjectExpression.findColNum(ProjectExpression.java:191)
	at org.apache.pig.newplan.logical.expression.ProjectExpression.setColumnNumberFromAlias(ProjectExpression.java:174)
	at org.apache.pig.newplan.logical.visitor.ColumnAliasConversionVisitor$1.visit(ColumnAliasConversionVisitor.java:53)
	at org.apache.pig.newplan.logical.expression.ProjectExpression.accept(ProjectExpression.java:215)
	at org.apache.pig.newplan.DependencyOrderWalker.walk(DependencyOrderWalker.java:75)
	at org.apache.pig.newplan.PlanVisitor.visit(PlanVisitor.java:52)
	at org.apache.pig.newplan.logical.optimizer.AllExpressionVisitor.visit(AllExpressionVisitor.java:142)
	at org.apache.pig.newplan.logical.relational.LOInnerLoad.accept(LOInnerLoad.java:128)
	at org.apache.pig.newplan.DependencyOrderWalker.walk(DependencyOrderWalker.java:75)
	at org.apache.pig.newplan.logical.optimizer.AllExpressionVisitor.visit(AllExpressionVisitor.java:124)
	at org.apache.pig.newplan.logical.relational.LOForEach.accept(LOForEach.java:87)
	at org.apache.pig.newplan.DependencyOrderWalker.walk(DependencyOrderWalker.java:75)
	at org.apache.pig.newplan.PlanVisitor.visit(PlanVisitor.java:52)
	at org.apache.pig.newplan.logical.relational.LogicalPlan.validate(LogicalPlan.java:176)
	at org.apache.pig.PigServer$Graph.validateQuery(PigServer.java:1793)
	at org.apache.pig.PigServer$Graph.registerQuery(PigServer.java:1765)
	at org.apache.pig.PigServer.registerQuery(PigServer.java:708)
	at org.apache.pig.tools.grunt.GruntParser.processPig(GruntParser.java:1110)
	at org.apache.pig.tools.pigscript.parser.PigScriptParser.parse(PigScriptParser.java:512)
	at org.apache.pig.tools.grunt.GruntParser.loadScript(GruntParser.java:561)
	at org.apache.pig.tools.grunt.GruntParser.processScript(GruntParser.java:497)
	at org.apache.pig.tools.pigscript.parser.PigScriptParser.Script(PigScriptParser.java:1037)
	at org.apache.pig.tools.pigscript.parser.PigScriptParser.parse(PigScriptParser.java:561)
	at org.apache.pig.tools.grunt.GruntParser.parseStopOnError(GruntParser.java:230)
	at org.apache.pig.tools.grunt.GruntParser.parseStopOnError(GruntParser.java:205)
	at org.apache.pig.tools.grunt.Grunt.run(Grunt.java:66)
	at org.apache.pig.Main.run(Main.java:564)
	at org.apache.pig.Main.main(Main.java:175)
	at sun.reflect.NativeMethodAccessorImpl.invoke0(Native Method)
	at sun.reflect.NativeMethodAccessorImpl.invoke(NativeMethodAccessorImpl.java:62)
	at sun.reflect.DelegatingMethodAccessorImpl.invoke(DelegatingMethodAccessorImpl.java:43)
	at java.lang.reflect.Method.invoke(Method.java:498)
	at org.apache.hadoop.util.RunJar.run(RunJar.java:226)
	at org.apache.hadoop.util.RunJar.main(RunJar.java:141)
================================================================================
Pig Stack Trace
---------------
ERROR 1200: <line 8, column 36>  Syntax error, unexpected symbol at or near 'desc'

Failed to parse: <line 8, column 36>  Syntax error, unexpected symbol at or near 'desc'
	at org.apache.pig.parser.QueryParserDriver.parse(QueryParserDriver.java:244)
	at org.apache.pig.parser.QueryParserDriver.parse(QueryParserDriver.java:182)
	at org.apache.pig.PigServer$Graph.validateQuery(PigServer.java:1792)
	at org.apache.pig.PigServer$Graph.registerQuery(PigServer.java:1765)
	at org.apache.pig.PigServer.registerQuery(PigServer.java:708)
	at org.apache.pig.tools.grunt.GruntParser.processPig(GruntParser.java:1110)
	at org.apache.pig.tools.pigscript.parser.PigScriptParser.parse(PigScriptParser.java:512)
	at org.apache.pig.tools.grunt.GruntParser.loadScript(GruntParser.java:561)
	at org.apache.pig.tools.grunt.GruntParser.processScript(GruntParser.java:497)
	at org.apache.pig.tools.pigscript.parser.PigScriptParser.Script(PigScriptParser.java:1037)
	at org.apache.pig.tools.pigscript.parser.PigScriptParser.parse(PigScriptParser.java:561)
	at org.apache.pig.tools.grunt.GruntParser.parseStopOnError(GruntParser.java:230)
	at org.apache.pig.tools.grunt.GruntParser.parseStopOnError(GruntParser.java:205)
	at org.apache.pig.tools.grunt.Grunt.run(Grunt.java:66)
	at org.apache.pig.Main.run(Main.java:564)
	at org.apache.pig.Main.main(Main.java:175)
	at sun.reflect.NativeMethodAccessorImpl.invoke0(Native Method)
	at sun.reflect.NativeMethodAccessorImpl.invoke(NativeMethodAccessorImpl.java:62)
	at sun.reflect.DelegatingMethodAccessorImpl.invoke(DelegatingMethodAccessorImpl.java:43)
	at java.lang.reflect.Method.invoke(Method.java:498)
	at org.apache.hadoop.util.RunJar.run(RunJar.java:226)
	at org.apache.hadoop.util.RunJar.main(RunJar.java:141)
================================================================================
Pig Stack Trace
---------------
ERROR 1200: <line 12, column 27>  Syntax error, unexpected symbol at or near 'ID'

Failed to parse: <line 12, column 27>  Syntax error, unexpected symbol at or near 'ID'
	at org.apache.pig.parser.QueryParserDriver.parse(QueryParserDriver.java:244)
	at org.apache.pig.parser.QueryParserDriver.parse(QueryParserDriver.java:182)
	at org.apache.pig.PigServer$Graph.validateQuery(PigServer.java:1792)
	at org.apache.pig.PigServer$Graph.registerQuery(PigServer.java:1765)
	at org.apache.pig.PigServer.registerQuery(PigServer.java:708)
	at org.apache.pig.tools.grunt.GruntParser.processPig(GruntParser.java:1110)
	at org.apache.pig.tools.pigscript.parser.PigScriptParser.parse(PigScriptParser.java:512)
	at org.apache.pig.tools.grunt.GruntParser.loadScript(GruntParser.java:561)
	at org.apache.pig.tools.grunt.GruntParser.processScript(GruntParser.java:497)
	at org.apache.pig.tools.pigscript.parser.PigScriptParser.Script(PigScriptParser.java:1037)
	at org.apache.pig.tools.pigscript.parser.PigScriptParser.parse(PigScriptParser.java:561)
	at org.apache.pig.tools.grunt.GruntParser.parseStopOnError(GruntParser.java:230)
	at org.apache.pig.tools.grunt.GruntParser.parseStopOnError(GruntParser.java:205)
	at org.apache.pig.tools.grunt.Grunt.run(Grunt.java:66)
	at org.apache.pig.Main.run(Main.java:564)
	at org.apache.pig.Main.main(Main.java:175)
	at sun.reflect.NativeMethodAccessorImpl.invoke0(Native Method)
	at sun.reflect.NativeMethodAccessorImpl.invoke(NativeMethodAccessorImpl.java:62)
	at sun.reflect.DelegatingMethodAccessorImpl.invoke(DelegatingMethodAccessorImpl.java:43)
	at java.lang.reflect.Method.invoke(Method.java:498)
	at org.apache.hadoop.util.RunJar.run(RunJar.java:226)
	at org.apache.hadoop.util.RunJar.main(RunJar.java:141)
================================================================================
Pig Stack Trace
---------------
ERROR 1025: <line 13, column 37> Invalid field projection. Projected field [ID] does not exist in schema: group:bytearray,trans1:bag{:tuple(transID:bytearray,ID:bytearray)}.

org.apache.pig.impl.plan.PlanValidationException: ERROR 1025: <line 13, column 37> Invalid field projection. Projected field [ID] does not exist in schema: group:bytearray,trans1:bag{:tuple(transID:bytearray,ID:bytearray)}.
	at org.apache.pig.newplan.logical.expression.ProjectExpression.findColNum(ProjectExpression.java:191)
	at org.apache.pig.newplan.logical.expression.ProjectExpression.setColumnNumberFromAlias(ProjectExpression.java:174)
	at org.apache.pig.newplan.logical.visitor.ColumnAliasConversionVisitor$1.visit(ColumnAliasConversionVisitor.java:53)
	at org.apache.pig.newplan.logical.expression.ProjectExpression.accept(ProjectExpression.java:215)
	at org.apache.pig.newplan.DependencyOrderWalker.walk(DependencyOrderWalker.java:75)
	at org.apache.pig.newplan.PlanVisitor.visit(PlanVisitor.java:52)
	at org.apache.pig.newplan.logical.optimizer.AllExpressionVisitor.visit(AllExpressionVisitor.java:142)
	at org.apache.pig.newplan.logical.relational.LOInnerLoad.accept(LOInnerLoad.java:128)
	at org.apache.pig.newplan.DependencyOrderWalker.walk(DependencyOrderWalker.java:75)
	at org.apache.pig.newplan.logical.optimizer.AllExpressionVisitor.visit(AllExpressionVisitor.java:124)
	at org.apache.pig.newplan.logical.relational.LOForEach.accept(LOForEach.java:87)
	at org.apache.pig.newplan.DependencyOrderWalker.walk(DependencyOrderWalker.java:75)
	at org.apache.pig.newplan.PlanVisitor.visit(PlanVisitor.java:52)
	at org.apache.pig.newplan.logical.relational.LogicalPlan.validate(LogicalPlan.java:176)
	at org.apache.pig.PigServer$Graph.validateQuery(PigServer.java:1793)
	at org.apache.pig.PigServer$Graph.registerQuery(PigServer.java:1765)
	at org.apache.pig.PigServer.registerQuery(PigServer.java:708)
	at org.apache.pig.tools.grunt.GruntParser.processPig(GruntParser.java:1110)
	at org.apache.pig.tools.pigscript.parser.PigScriptParser.parse(PigScriptParser.java:512)
	at org.apache.pig.tools.grunt.GruntParser.loadScript(GruntParser.java:561)
	at org.apache.pig.tools.grunt.GruntParser.processScript(GruntParser.java:497)
	at org.apache.pig.tools.pigscript.parser.PigScriptParser.Script(PigScriptParser.java:1037)
	at org.apache.pig.tools.pigscript.parser.PigScriptParser.parse(PigScriptParser.java:561)
	at org.apache.pig.tools.grunt.GruntParser.parseStopOnError(GruntParser.java:230)
	at org.apache.pig.tools.grunt.GruntParser.parseStopOnError(GruntParser.java:205)
	at org.apache.pig.tools.grunt.Grunt.run(Grunt.java:66)
	at org.apache.pig.Main.run(Main.java:564)
	at org.apache.pig.Main.main(Main.java:175)
	at sun.reflect.NativeMethodAccessorImpl.invoke0(Native Method)
	at sun.reflect.NativeMethodAccessorImpl.invoke(NativeMethodAccessorImpl.java:62)
	at sun.reflect.DelegatingMethodAccessorImpl.invoke(DelegatingMethodAccessorImpl.java:43)
	at java.lang.reflect.Method.invoke(Method.java:498)
	at org.apache.hadoop.util.RunJar.run(RunJar.java:226)
	at org.apache.hadoop.util.RunJar.main(RunJar.java:141)
================================================================================
